\BOOKMARK [0][-]{section*.1}{Table of Contents}{}% 1
\BOOKMARK [0][-]{section*.2}{List of Figures}{}% 2
\BOOKMARK [0][-]{section*.3}{List of Tables}{}% 3
\BOOKMARK [0][-]{section*.4}{Abbreviations}{}% 4
\BOOKMARK [0][-]{section*.6}{Notation}{}% 5
\BOOKMARK [0][-]{section*.8}{Glossary}{}% 6
\BOOKMARK [0][-]{section*.10}{Listings}{}% 7
\BOOKMARK [0][-]{chapter.1}{Introduction}{}% 8
\BOOKMARK [1][-]{section.1.1}{Background of the Study}{chapter.1}% 9
\BOOKMARK [1][-]{section.1.2}{Problem Statement}{chapter.1}% 10
\BOOKMARK [1][-]{section.1.3}{Objectives}{chapter.1}% 11
\BOOKMARK [2][-]{subsection.1.3.1}{General Objectives}{section.1.3}% 12
\BOOKMARK [2][-]{subsection.1.3.2}{Specific Objectives}{section.1.3}% 13
\BOOKMARK [1][-]{section.1.4}{Significance of the Study}{chapter.1}% 14
\BOOKMARK [1][-]{section.1.5}{Scope and Delimitation}{chapter.1}% 15
\BOOKMARK [2][-]{subsection.1.5.1}{Scope and Delimitation}{section.1.5}% 16
\BOOKMARK [2][-]{subsection.1.5.2}{Assumptions}{section.1.5}% 17
\BOOKMARK [1][-]{section.1.6}{Description and Methodology}{chapter.1}% 18
\BOOKMARK [2][-]{subsection.1.6.1}{Description}{section.1.6}% 19
\BOOKMARK [3][-]{subsubsection.1.6.1.1}{Mechanical}{subsection.1.6.1}% 20
\BOOKMARK [3][-]{subsubsection.1.6.1.2}{Wireless Communication}{subsection.1.6.1}% 21
\BOOKMARK [3][-]{subsubsection.1.6.1.3}{Human Recognition}{subsection.1.6.1}% 22
\BOOKMARK [2][-]{subsection.1.6.2}{Methodology}{section.1.6}% 23
\BOOKMARK [3][-]{subsubsection.1.6.2.1}{Electrical and Mechanical Testing}{subsection.1.6.2}% 24
\BOOKMARK [3][-]{subsubsection.1.6.2.2}{Communication and Human Recognition Testing}{subsection.1.6.2}% 25
\BOOKMARK [1][-]{section.1.7}{Gantt chart}{chapter.1}% 26
\BOOKMARK [0][-]{chapter.2}{Literature Review}{}% 27
\BOOKMARK [1][-]{section.2.1}{Remote-controlled Home Robot Server with ZigBee Sensor Network}{chapter.2}% 28
\BOOKMARK [1][-]{section.2.2}{Remote power OnOff control and current measurement for home electric outlets based on a lowpower embedded board and ZigBee communication}{chapter.2}% 29
\BOOKMARK [1][-]{section.2.3}{Design of Intelligent Mobile Monitor System Based on ZigBee and Android}{chapter.2}% 30
\BOOKMARK [1][-]{section.2.4}{SMaRTCaR: an integrated smartphone-based platform to support traffic management applications}{chapter.2}% 31
\BOOKMARK [1][-]{section.2.5}{Design and Construction of Rescue Robot and Pipeline Inspection Using Zigbee}{chapter.2}% 32
\BOOKMARK [1][-]{section.2.6}{Mobile robots in mine rescue and recovery}{chapter.2}% 33
\BOOKMARK [1][-]{section.2.7}{Multi-robot exploration under the constraints of wireless networking}{chapter.2}% 34
\BOOKMARK [1][-]{section.2.8}{ROBHAZ-rescue: rough-terrain negotiable teleoperated mobile robot for rescue mission}{chapter.2}% 35
\BOOKMARK [1][-]{section.2.9}{Remote control realization of distributed rescue robots via the wireless network}{chapter.2}% 36
\BOOKMARK [1][-]{section.2.10}{Design and implementation of user-friendly remote controllers for rescue robots used at fire sites}{chapter.2}% 37
\BOOKMARK [0][-]{chapter.3}{Theoretical Considerations}{}% 38
\BOOKMARK [0][-]{chapter.4}{Design Considerations}{}% 27
\BOOKMARK [0][-]{chapter.5}{Methodology}{}% 29
\BOOKMARK [0][-]{chapter.6}{Results and Discussion}{}% 33
\BOOKMARK [0][-]{chapter.7}{Conclusions, Recommendations, and Future Directives}{}% 35
\BOOKMARK [0][-]{section*.14}{References}{}% 40
\BOOKMARK [0][-]{appendix.A}{Answers to Questions to this project}{}% 41
\BOOKMARK [0][-]{appendix.B}{Usage Examples}{}% 63
\BOOKMARK [0][-]{appendix.D}{Vita}{}% 78
